c:\users\appel\desktop\spacefighter\spacefighter\debug\vc140.pdb
c:\users\appel\desktop\spacefighter\spacefighter\debug\game.xdc
c:\users\appel\desktop\spacefighter\spacefighter\debug\game.obj
c:\users\appel\desktop\spacefighter\spacefighter\debug\mainmenuscreen.xdc
c:\users\appel\desktop\spacefighter\spacefighter\debug\playership.xdc
c:\users\appel\desktop\spacefighter\spacefighter\debug\playership.obj
c:\users\appel\desktop\spacefighter\spacefighter\debug\vc140.idb
c:\users\appel\desktop\spacefighter\spacefighter\debug\vector2.xdc
c:\users\appel\desktop\spacefighter\spacefighter\debug\main.xdc
c:\users\appel\desktop\spacefighter\spacefighter\debug\main.obj
c:\users\appel\desktop\spacefighter\spacefighter\debug\pausescreen.xdc
c:\users\appel\desktop\spacefighter\spacefighter\debug\menuitem.xdc
c:\users\appel\desktop\spacefighter\spacefighter\debug\bullet.xdc
c:\users\appel\desktop\spacefighter\spacefighter\debug\bioenemysmall.xdc
c:\users\appel\desktop\spacefighter\spacefighter\debug\bioenemysmall.obj
c:\users\appel\desktop\spacefighter\spacefighter\debug\bullet.obj
c:\users\appel\desktop\spacefighter\spacefighter\debug\menuitem.obj
c:\users\appel\desktop\spacefighter\spacefighter\debug\pausescreen.obj
c:\users\appel\desktop\spacefighter\spacefighter\debug\ship.xdc
c:\users\appel\desktop\spacefighter\spacefighter\debug\screenmanager.xdc
c:\users\appel\desktop\spacefighter\spacefighter\debug\screen.xdc
c:\users\appel\desktop\spacefighter\spacefighter\debug\menuscreen.xdc
c:\users\appel\desktop\spacefighter\spacefighter\debug\level_1.xdc
c:\users\appel\desktop\spacefighter\spacefighter\debug\level.xdc
c:\users\appel\desktop\spacefighter\spacefighter\debug\gameplayscreen.xdc
c:\users\appel\desktop\spacefighter\spacefighter\debug\gameobject.xdc
c:\users\appel\desktop\spacefighter\spacefighter\debug\enemyship.xdc
c:\users\appel\desktop\spacefighter\spacefighter\debug\enemyship.obj
c:\users\appel\desktop\spacefighter\spacefighter\debug\gameobject.obj
c:\users\appel\desktop\spacefighter\spacefighter\debug\gameplayscreen.obj
c:\users\appel\desktop\spacefighter\spacefighter\debug\level.obj
c:\users\appel\desktop\spacefighter\spacefighter\debug\level_1.obj
c:\users\appel\desktop\spacefighter\spacefighter\debug\menuscreen.obj
c:\users\appel\desktop\spacefighter\spacefighter\debug\screen.obj
c:\users\appel\desktop\spacefighter\spacefighter\debug\screenmanager.obj
c:\users\appel\desktop\spacefighter\spacefighter\debug\ship.obj
c:\users\appel\desktop\spacefighter\spacefighter\debug\mainmenuscreen.obj
c:\users\appel\desktop\spacefighter\spacefighter\debug\vector2.obj
c:\users\appel\desktop\spacefighter\spacefighter\debug\smallbioenemy.xdc
c:\users\appel\desktop\spacefighter\spacefighter\debug\smallbioenemy.obj
c:\users\appel\desktop\spacefighter\debug\spacefighter.ilk
c:\users\appel\desktop\spacefighter\debug\spacefighter.exe
c:\users\appel\desktop\spacefighter\debug\spacefighter.pdb
c:\users\appel\desktop\spacefighter\debug\spacefighter.xml
c:\users\appel\desktop\spacefighter\spacefighter\debug\gametime.obj
c:\users\appel\desktop\spacefighter\spacefighter\debug\inputstate.obj
c:\users\appel\desktop\spacefighter\spacefighter\debug\math.obj
c:\users\appel\desktop\spacefighter\spacefighter\debug\sectorobject.obj
c:\users\appel\desktop\spacefighter\spacefighter\debug\game.obj.enc
c:\users\appel\desktop\spacefighter\spacefighter\debug\main.obj.enc
c:\users\appel\desktop\spacefighter\spacefighter\debug\gametime.xdc
c:\users\appel\desktop\spacefighter\spacefighter\debug\inputstate.xdc
c:\users\appel\desktop\spacefighter\spacefighter\debug\math.xdc
c:\users\appel\desktop\spacefighter\spacefighter\debug\spacefighter.tlog\cl.command.1.tlog
c:\users\appel\desktop\spacefighter\spacefighter\debug\spacefighter.tlog\cl.read.1.tlog
c:\users\appel\desktop\spacefighter\spacefighter\debug\spacefighter.tlog\cl.write.1.tlog
c:\users\appel\desktop\spacefighter\spacefighter\debug\spacefighter.tlog\link-cvtres.read.1.tlog
c:\users\appel\desktop\spacefighter\spacefighter\debug\spacefighter.tlog\link-cvtres.write.1.tlog
c:\users\appel\desktop\spacefighter\spacefighter\debug\spacefighter.tlog\link-rc.read.1.tlog
c:\users\appel\desktop\spacefighter\spacefighter\debug\spacefighter.tlog\link-rc.write.1.tlog
c:\users\appel\desktop\spacefighter\spacefighter\debug\spacefighter.tlog\link.12604-cvtres.read.1.tlog
c:\users\appel\desktop\spacefighter\spacefighter\debug\spacefighter.tlog\link.12604-cvtres.write.1.tlog
c:\users\appel\desktop\spacefighter\spacefighter\debug\spacefighter.tlog\link.12604-rc.read.1.tlog
c:\users\appel\desktop\spacefighter\spacefighter\debug\spacefighter.tlog\link.12604-rc.write.1.tlog
c:\users\appel\desktop\spacefighter\spacefighter\debug\spacefighter.tlog\link.12604.read.1.tlog
c:\users\appel\desktop\spacefighter\spacefighter\debug\spacefighter.tlog\link.12604.write.1.tlog
c:\users\appel\desktop\spacefighter\spacefighter\debug\spacefighter.tlog\link.command.1.tlog
c:\users\appel\desktop\spacefighter\spacefighter\debug\spacefighter.tlog\link.read.1.tlog
c:\users\appel\desktop\spacefighter\spacefighter\debug\spacefighter.tlog\link.write.1.tlog
c:\users\appel\desktop\spacefighter\spacefighter\debug\spacefighter.tlog\xdcmake.command.1.tlog
c:\users\appel\desktop\spacefighter\spacefighter\debug\spacefighter.tlog\xdcmake.read.1.tlog
c:\users\appel\desktop\spacefighter\spacefighter\debug\spacefighter.tlog\xdcmake.write.1.tlog
