  Bullet.cpp
  Generating Code...
  Compiling...
  main.cpp
  Vector2.cpp
  SmallBioEnemy.cpp
  Ship.cpp
  ScreenManager.cpp
  Screen.cpp
  PlayerShip.cpp
c:\users\appel\desktop\spacefighter\spacefighter\math.h(25): warning C4635: XML document comment applied to 'Math.Lerp(System.Single!System.Runtime.CompilerServices.IsConst,System.Single!System.Runtime.CompilerServices.IsConst,System.Single)': badly-formed XML: End tag 'summary' does not match the start tag 'returns'.
  
  PauseScreen.cpp
  MenuScreen.cpp
c:\users\appel\desktop\spacefighter\spacefighter\menuscreen.h(31): warning C4635: XML document comment applied to 'MenuScreen.HandleInput(InputState*)': badly-formed XML: The following tags were not closed: summary.
  
c:\users\appel\desktop\spacefighter\spacefighter\menuscreen.h(37): warning C4635: XML document comment applied to 'MenuScreen.Draw(GameTime!System.Runtime.CompilerServices.IsConst*)': badly-formed XML: The following tags were not closed: summary.
  
c:\users\appel\desktop\spacefighter\spacefighter\menuscreen.h(41): warning C4635: XML document comment applied to 'MenuScreen.SetItemListWrapping(System.Boolean!System.Runtime.CompilerServices.IsConst)': badly-formed XML: The following tags were not closed: summary.
  
  MenuItem.cpp
  MainMenuScreen.cpp
c:\users\appel\desktop\spacefighter\spacefighter\menuscreen.h(31): warning C4635: XML document comment applied to 'MenuScreen.HandleInput(InputState*)': badly-formed XML: The following tags were not closed: summary.
  
c:\users\appel\desktop\spacefighter\spacefighter\menuscreen.h(37): warning C4635: XML document comment applied to 'MenuScreen.Draw(GameTime!System.Runtime.CompilerServices.IsConst*)': badly-formed XML: The following tags were not closed: summary.
  
c:\users\appel\desktop\spacefighter\spacefighter\menuscreen.h(41): warning C4635: XML document comment applied to 'MenuScreen.SetItemListWrapping(System.Boolean!System.Runtime.CompilerServices.IsConst)': badly-formed XML: The following tags were not closed: summary.
  
  Level_1.cpp
  Level.cpp
  InputState.cpp
  GameplayScreen.cpp
  GameObject.cpp
  Game.cpp
c:\users\appel\desktop\spacefighter\spacefighter\menuscreen.h(31): warning C4635: XML document comment applied to 'MenuScreen.HandleInput(InputState*)': badly-formed XML: The following tags were not closed: summary.
  
c:\users\appel\desktop\spacefighter\spacefighter\menuscreen.h(37): warning C4635: XML document comment applied to 'MenuScreen.Draw(GameTime!System.Runtime.CompilerServices.IsConst*)': badly-formed XML: The following tags were not closed: summary.
  
c:\users\appel\desktop\spacefighter\spacefighter\menuscreen.h(41): warning C4635: XML document comment applied to 'MenuScreen.SetItemListWrapping(System.Boolean!System.Runtime.CompilerServices.IsConst)': badly-formed XML: The following tags were not closed: summary.
  
  EnemyShip.cpp
  Generating Code...
  Compiling...
  Math.cpp
c:\users\appel\desktop\spacefighter\spacefighter\math.h(25): warning C4635: XML document comment applied to 'Math.Lerp(System.Single!System.Runtime.CompilerServices.IsConst,System.Single!System.Runtime.CompilerServices.IsConst,System.Single)': badly-formed XML: End tag 'summary' does not match the start tag 'returns'.
  
  Generating Code...
  SpaceFighter.vcxproj -> C:\Users\appel\Desktop\SpaceFighter\Debug\SpaceFighter.exe
  SpaceFighter.vcxproj -> C:\Users\appel\Desktop\SpaceFighter\Debug\SpaceFighter.pdb (Partial PDB)
